<?xml version="1.0" encoding="UTF-8"?>
<testsuite xmlns:xsi="http://www.w3.org/2001/XMLSchema-instance" xsi:noNamespaceSchemaLocation="https://maven.apache.org/surefire/maven-surefire-plugin/xsd/surefire-test-report-3.0.xsd" version="3.0" name="sia.knights.KnightJavaConfigInjectionTest" time="0.143" tests="1" errors="0" skipped="0" failures="0">
  <properties>
    <property name="gopherProxySet" value="false"/>
    <property name="awt.toolkit" value="sun.lwawt.macosx.LWCToolkit"/>
    <property name="file.encoding.pkg" value="sun.io"/>
    <property name="java.specification.version" value="1.8"/>
    <property name="sun.cpu.isalist" value=""/>
    <property name="sun.jnu.encoding" value="UTF-8"/>
    <property name="java.class.path" value="/Users/vinodkumarm/Documents/Technologies/Spring/spring-mvc-java-demo/target/test-classes:/Users/vinodkumarm/Documents/Technologies/Spring/spring-mvc-java-demo/target/classes:/Users/vinodkumarm/.m2/repository/org/aspectj/aspectjrt/1.9.5/aspectjrt-1.9.5.jar:/Users/vinodkumarm/.m2/repository/org/aspectj/aspectjweaver/1.9.5/aspectjweaver-1.9.5.jar:/Users/vinodkumarm/.m2/repository/org/springframework/spring-beans/5.3.20/spring-beans-5.3.20.jar:/Users/vinodkumarm/.m2/repository/org/springframework/spring-context/5.3.20/spring-context-5.3.20.jar:/Users/vinodkumarm/.m2/repository/org/springframework/spring-aop/5.3.20/spring-aop-5.3.20.jar:/Users/vinodkumarm/.m2/repository/org/springframework/spring-expression/5.3.20/spring-expression-5.3.20.jar:/Users/vinodkumarm/.m2/repository/org/springframework/spring-context-support/5.3.20/spring-context-support-5.3.20.jar:/Users/vinodkumarm/.m2/repository/org/springframework/spring-core/5.3.20/spring-core-5.3.20.jar:/Users/vinodkumarm/.m2/repository/org/springframework/spring-jcl/5.3.20/spring-jcl-5.3.20.jar:/Users/vinodkumarm/.m2/repository/org/springframework/spring-web/5.3.20/spring-web-5.3.20.jar:/Users/vinodkumarm/.m2/repository/org/springframework/spring-webmvc/5.3.20/spring-webmvc-5.3.20.jar:/Users/vinodkumarm/.m2/repository/org/springframework/spring-orm/5.3.20/spring-orm-5.3.20.jar:/Users/vinodkumarm/.m2/repository/org/springframework/spring-tx/5.3.20/spring-tx-5.3.20.jar:/Users/vinodkumarm/.m2/repository/org/springframework/spring-jdbc/5.3.20/spring-jdbc-5.3.20.jar:/Users/vinodkumarm/.m2/repository/org/springframework/security/spring-security-web/5.6.2/spring-security-web-5.6.2.jar:/Users/vinodkumarm/.m2/repository/org/springframework/security/spring-security-core/5.6.2/spring-security-core-5.6.2.jar:/Users/vinodkumarm/.m2/repository/org/springframework/security/spring-security-crypto/5.6.2/spring-security-crypto-5.6.2.jar:/Users/vinodkumarm/.m2/repository/org/springframework/security/spring-security-config/5.6.2/spring-security-config-5.6.2.jar:/Users/vinodkumarm/.m2/repository/org/springframework/data/spring-data-jpa/2.4.0/spring-data-jpa-2.4.0.jar:/Users/vinodkumarm/.m2/repository/org/springframework/data/spring-data-commons/2.4.0/spring-data-commons-2.4.0.jar:/Users/vinodkumarm/.m2/repository/org/slf4j/slf4j-api/1.7.26/slf4j-api-1.7.26.jar:/Users/vinodkumarm/.m2/repository/org/springframework/spring-test/5.3.20/spring-test-5.3.20.jar:/Users/vinodkumarm/.m2/repository/com/h2database/h2/1.3.165/h2-1.3.165.jar:/Users/vinodkumarm/.m2/repository/junit/junit/4.12/junit-4.12.jar:/Users/vinodkumarm/.m2/repository/org/hamcrest/hamcrest-core/1.3/hamcrest-core-1.3.jar:/Users/vinodkumarm/.m2/repository/org/mockito/mockito-all/1.10.19/mockito-all-1.10.19.jar:/Users/vinodkumarm/.m2/repository/org/hamcrest/hamcrest-all/1.3/hamcrest-all-1.3.jar:/Users/vinodkumarm/.m2/repository/com/fasterxml/jackson/core/jackson-databind/2.9.4/jackson-databind-2.9.4.jar:/Users/vinodkumarm/.m2/repository/com/fasterxml/jackson/core/jackson-annotations/2.9.0/jackson-annotations-2.9.0.jar:/Users/vinodkumarm/.m2/repository/com/fasterxml/jackson/core/jackson-core/2.9.4/jackson-core-2.9.4.jar:/Users/vinodkumarm/.m2/repository/joda-time/joda-time/2.3/joda-time-2.3.jar:/Users/vinodkumarm/.m2/repository/org/apache/commons/commons-lang3/3.12.0/commons-lang3-3.12.0.jar:/Users/vinodkumarm/.m2/repository/javax/validation/validation-api/2.0.1.Final/validation-api-2.0.1.Final.jar:/Users/vinodkumarm/.m2/repository/org/hibernate/hibernate-core/5.2.9.Final/hibernate-core-5.2.9.Final.jar:/Users/vinodkumarm/.m2/repository/org/jboss/logging/jboss-logging/3.3.0.Final/jboss-logging-3.3.0.Final.jar:/Users/vinodkumarm/.m2/repository/org/hibernate/javax/persistence/hibernate-jpa-2.1-api/1.0.0.Final/hibernate-jpa-2.1-api-1.0.0.Final.jar:/Users/vinodkumarm/.m2/repository/org/javassist/javassist/3.20.0-GA/javassist-3.20.0-GA.jar:/Users/vinodkumarm/.m2/repository/antlr/antlr/2.7.7/antlr-2.7.7.jar:/Users/vinodkumarm/.m2/repository/org/jboss/spec/javax/transaction/jboss-transaction-api_1.2_spec/1.0.1.Final/jboss-transaction-api_1.2_spec-1.0.1.Final.jar:/Users/vinodkumarm/.m2/repository/org/jboss/jandex/2.0.3.Final/jandex-2.0.3.Final.jar:/Users/vinodkumarm/.m2/repository/com/fasterxml/classmate/1.3.0/classmate-1.3.0.jar:/Users/vinodkumarm/.m2/repository/dom4j/dom4j/1.6.1/dom4j-1.6.1.jar:/Users/vinodkumarm/.m2/repository/org/hibernate/common/hibernate-commons-annotations/5.0.1.Final/hibernate-commons-annotations-5.0.1.Final.jar:/Users/vinodkumarm/.m2/repository/org/hibernate/hibernate-validator/5.4.0.Final/hibernate-validator-5.4.0.Final.jar:/Users/vinodkumarm/.m2/repository/org/hibernate/hibernate-entitymanager/5.2.9.Final/hibernate-entitymanager-5.2.9.Final.jar:/Users/vinodkumarm/.m2/repository/net/bytebuddy/byte-buddy/1.6.6/byte-buddy-1.6.6.jar:/Users/vinodkumarm/.m2/repository/mysql/mysql-connector-java/8.0.13/mysql-connector-java-8.0.13.jar:/Users/vinodkumarm/.m2/repository/com/google/protobuf/protobuf-java/3.6.1/protobuf-java-3.6.1.jar:/Users/vinodkumarm/.m2/repository/javax/servlet/javax.servlet-api/3.0.1/javax.servlet-api-3.0.1.jar:"/>
    <property name="java.vm.vendor" value="Oracle Corporation"/>
    <property name="sun.arch.data.model" value="64"/>
    <property name="java.vendor.url" value="http://java.oracle.com/"/>
    <property name="user.timezone" value=""/>
    <property name="java.vm.specification.version" value="1.8"/>
    <property name="os.name" value="Mac OS X"/>
    <property name="user.country" value="IN"/>
    <property name="sun.java.launcher" value="SUN_STANDARD"/>
    <property name="sun.boot.library.path" value="/Library/Java/JavaVirtualMachines/jdk-1.8.jdk/Contents/Home/jre/lib"/>
    <property name="sun.java.command" value="/Users/vinodkumarm/Documents/Technologies/Spring/spring-mvc-java-demo/target/surefire/surefirebooter-20250304181146945_3.jar /Users/vinodkumarm/Documents/Technologies/Spring/spring-mvc-java-demo/target/surefire 2025-03-04T18-11-46_897-jvmRun1 surefire-20250304181146945_1tmp surefire_0-20250304181146945_2tmp"/>
    <property name="http.nonProxyHosts" value="local|*.local|169.254/16|*.169.254/16"/>
    <property name="surefire.test.class.path" value="/Users/vinodkumarm/Documents/Technologies/Spring/spring-mvc-java-demo/target/test-classes:/Users/vinodkumarm/Documents/Technologies/Spring/spring-mvc-java-demo/target/classes:/Users/vinodkumarm/.m2/repository/org/aspectj/aspectjrt/1.9.5/aspectjrt-1.9.5.jar:/Users/vinodkumarm/.m2/repository/org/aspectj/aspectjweaver/1.9.5/aspectjweaver-1.9.5.jar:/Users/vinodkumarm/.m2/repository/org/springframework/spring-beans/5.3.20/spring-beans-5.3.20.jar:/Users/vinodkumarm/.m2/repository/org/springframework/spring-context/5.3.20/spring-context-5.3.20.jar:/Users/vinodkumarm/.m2/repository/org/springframework/spring-aop/5.3.20/spring-aop-5.3.20.jar:/Users/vinodkumarm/.m2/repository/org/springframework/spring-expression/5.3.20/spring-expression-5.3.20.jar:/Users/vinodkumarm/.m2/repository/org/springframework/spring-context-support/5.3.20/spring-context-support-5.3.20.jar:/Users/vinodkumarm/.m2/repository/org/springframework/spring-core/5.3.20/spring-core-5.3.20.jar:/Users/vinodkumarm/.m2/repository/org/springframework/spring-jcl/5.3.20/spring-jcl-5.3.20.jar:/Users/vinodkumarm/.m2/repository/org/springframework/spring-web/5.3.20/spring-web-5.3.20.jar:/Users/vinodkumarm/.m2/repository/org/springframework/spring-webmvc/5.3.20/spring-webmvc-5.3.20.jar:/Users/vinodkumarm/.m2/repository/org/springframework/spring-orm/5.3.20/spring-orm-5.3.20.jar:/Users/vinodkumarm/.m2/repository/org/springframework/spring-tx/5.3.20/spring-tx-5.3.20.jar:/Users/vinodkumarm/.m2/repository/org/springframework/spring-jdbc/5.3.20/spring-jdbc-5.3.20.jar:/Users/vinodkumarm/.m2/repository/org/springframework/security/spring-security-web/5.6.2/spring-security-web-5.6.2.jar:/Users/vinodkumarm/.m2/repository/org/springframework/security/spring-security-core/5.6.2/spring-security-core-5.6.2.jar:/Users/vinodkumarm/.m2/repository/org/springframework/security/spring-security-crypto/5.6.2/spring-security-crypto-5.6.2.jar:/Users/vinodkumarm/.m2/repository/org/springframework/security/spring-security-config/5.6.2/spring-security-config-5.6.2.jar:/Users/vinodkumarm/.m2/repository/org/springframework/data/spring-data-jpa/2.4.0/spring-data-jpa-2.4.0.jar:/Users/vinodkumarm/.m2/repository/org/springframework/data/spring-data-commons/2.4.0/spring-data-commons-2.4.0.jar:/Users/vinodkumarm/.m2/repository/org/slf4j/slf4j-api/1.7.26/slf4j-api-1.7.26.jar:/Users/vinodkumarm/.m2/repository/org/springframework/spring-test/5.3.20/spring-test-5.3.20.jar:/Users/vinodkumarm/.m2/repository/com/h2database/h2/1.3.165/h2-1.3.165.jar:/Users/vinodkumarm/.m2/repository/junit/junit/4.12/junit-4.12.jar:/Users/vinodkumarm/.m2/repository/org/hamcrest/hamcrest-core/1.3/hamcrest-core-1.3.jar:/Users/vinodkumarm/.m2/repository/org/mockito/mockito-all/1.10.19/mockito-all-1.10.19.jar:/Users/vinodkumarm/.m2/repository/org/hamcrest/hamcrest-all/1.3/hamcrest-all-1.3.jar:/Users/vinodkumarm/.m2/repository/com/fasterxml/jackson/core/jackson-databind/2.9.4/jackson-databind-2.9.4.jar:/Users/vinodkumarm/.m2/repository/com/fasterxml/jackson/core/jackson-annotations/2.9.0/jackson-annotations-2.9.0.jar:/Users/vinodkumarm/.m2/repository/com/fasterxml/jackson/core/jackson-core/2.9.4/jackson-core-2.9.4.jar:/Users/vinodkumarm/.m2/repository/joda-time/joda-time/2.3/joda-time-2.3.jar:/Users/vinodkumarm/.m2/repository/org/apache/commons/commons-lang3/3.12.0/commons-lang3-3.12.0.jar:/Users/vinodkumarm/.m2/repository/javax/validation/validation-api/2.0.1.Final/validation-api-2.0.1.Final.jar:/Users/vinodkumarm/.m2/repository/org/hibernate/hibernate-core/5.2.9.Final/hibernate-core-5.2.9.Final.jar:/Users/vinodkumarm/.m2/repository/org/jboss/logging/jboss-logging/3.3.0.Final/jboss-logging-3.3.0.Final.jar:/Users/vinodkumarm/.m2/repository/org/hibernate/javax/persistence/hibernate-jpa-2.1-api/1.0.0.Final/hibernate-jpa-2.1-api-1.0.0.Final.jar:/Users/vinodkumarm/.m2/repository/org/javassist/javassist/3.20.0-GA/javassist-3.20.0-GA.jar:/Users/vinodkumarm/.m2/repository/antlr/antlr/2.7.7/antlr-2.7.7.jar:/Users/vinodkumarm/.m2/repository/org/jboss/spec/javax/transaction/jboss-transaction-api_1.2_spec/1.0.1.Final/jboss-transaction-api_1.2_spec-1.0.1.Final.jar:/Users/vinodkumarm/.m2/repository/org/jboss/jandex/2.0.3.Final/jandex-2.0.3.Final.jar:/Users/vinodkumarm/.m2/repository/com/fasterxml/classmate/1.3.0/classmate-1.3.0.jar:/Users/vinodkumarm/.m2/repository/dom4j/dom4j/1.6.1/dom4j-1.6.1.jar:/Users/vinodkumarm/.m2/repository/org/hibernate/common/hibernate-commons-annotations/5.0.1.Final/hibernate-commons-annotations-5.0.1.Final.jar:/Users/vinodkumarm/.m2/repository/org/hibernate/hibernate-validator/5.4.0.Final/hibernate-validator-5.4.0.Final.jar:/Users/vinodkumarm/.m2/repository/org/hibernate/hibernate-entitymanager/5.2.9.Final/hibernate-entitymanager-5.2.9.Final.jar:/Users/vinodkumarm/.m2/repository/net/bytebuddy/byte-buddy/1.6.6/byte-buddy-1.6.6.jar:/Users/vinodkumarm/.m2/repository/mysql/mysql-connector-java/8.0.13/mysql-connector-java-8.0.13.jar:/Users/vinodkumarm/.m2/repository/com/google/protobuf/protobuf-java/3.6.1/protobuf-java-3.6.1.jar:/Users/vinodkumarm/.m2/repository/javax/servlet/javax.servlet-api/3.0.1/javax.servlet-api-3.0.1.jar:"/>
    <property name="sun.cpu.endian" value="little"/>
    <property name="user.home" value="/Users/vinodkumarm"/>
    <property name="user.language" value="en"/>
    <property name="java.specification.vendor" value="Oracle Corporation"/>
    <property name="java.home" value="/Library/Java/JavaVirtualMachines/jdk-1.8.jdk/Contents/Home/jre"/>
    <property name="basedir" value="/Users/vinodkumarm/Documents/Technologies/Spring/spring-mvc-java-demo"/>
    <property name="file.separator" value="/"/>
    <property name="line.separator" value="&#10;"/>
    <property name="java.vm.specification.vendor" value="Oracle Corporation"/>
    <property name="java.specification.name" value="Java Platform API Specification"/>
    <property name="java.awt.graphicsenv" value="sun.awt.CGraphicsEnvironment"/>
    <property name="surefire.real.class.path" value="/Users/vinodkumarm/Documents/Technologies/Spring/spring-mvc-java-demo/target/surefire/surefirebooter-20250304181146945_3.jar"/>
    <property name="sun.boot.class.path" value="/Library/Java/JavaVirtualMachines/jdk-1.8.jdk/Contents/Home/jre/lib/resources.jar:/Library/Java/JavaVirtualMachines/jdk-1.8.jdk/Contents/Home/jre/lib/rt.jar:/Library/Java/JavaVirtualMachines/jdk-1.8.jdk/Contents/Home/jre/lib/jsse.jar:/Library/Java/JavaVirtualMachines/jdk-1.8.jdk/Contents/Home/jre/lib/jce.jar:/Library/Java/JavaVirtualMachines/jdk-1.8.jdk/Contents/Home/jre/lib/charsets.jar:/Library/Java/JavaVirtualMachines/jdk-1.8.jdk/Contents/Home/jre/lib/jfr.jar:/Library/Java/JavaVirtualMachines/jdk-1.8.jdk/Contents/Home/jre/classes"/>
    <property name="sun.management.compiler" value="HotSpot 64-Bit Tiered Compilers"/>
    <property name="ftp.nonProxyHosts" value="local|*.local|169.254/16|*.169.254/16"/>
    <property name="java.runtime.version" value="1.8.0_381-b09"/>
    <property name="user.name" value="vinodkumarm"/>
    <property name="path.separator" value=":"/>
    <property name="os.version" value="14.0"/>
    <property name="java.endorsed.dirs" value="/Library/Java/JavaVirtualMachines/jdk-1.8.jdk/Contents/Home/jre/lib/endorsed"/>
    <property name="java.runtime.name" value="Java(TM) SE Runtime Environment"/>
    <property name="file.encoding" value="UTF-8"/>
    <property name="java.vm.name" value="Java HotSpot(TM) 64-Bit Server VM"/>
    <property name="localRepository" value="/Users/vinodkumarm/.m2/repository"/>
    <property name="java.vendor.url.bug" value="http://bugreport.sun.com/bugreport/"/>
    <property name="java.io.tmpdir" value="/var/folders/39/07hq2pkx13j9bnvqfhnf7k0r0000gn/T/"/>
    <property name="java.version" value="1.8.0_381"/>
    <property name="user.dir" value="/Users/vinodkumarm/Documents/Technologies/Spring/spring-mvc-java-demo"/>
    <property name="os.arch" value="aarch64"/>
    <property name="java.vm.specification.name" value="Java Virtual Machine Specification"/>
    <property name="java.awt.printerjob" value="sun.lwawt.macosx.CPrinterJob"/>
    <property name="sun.os.patch.level" value="unknown"/>
    <property name="java.library.path" value="/Users/vinodkumarm/Library/Java/Extensions:/Library/Java/Extensions:/Network/Library/Java/Extensions:/System/Library/Java/Extensions:/usr/lib/java:."/>
    <property name="java.vm.info" value="mixed mode"/>
    <property name="java.vendor" value="Oracle Corporation"/>
    <property name="java.vm.version" value="25.381-b09"/>
    <property name="java.specification.maintenance.version" value="5"/>
    <property name="java.ext.dirs" value="/Users/vinodkumarm/Library/Java/Extensions:/Library/Java/JavaVirtualMachines/jdk-1.8.jdk/Contents/Home/jre/lib/ext:/Library/Java/Extensions:/Network/Library/Java/Extensions:/System/Library/Java/Extensions:/usr/lib/java"/>
    <property name="sun.io.unicode.encoding" value="UnicodeBig"/>
    <property name="java.class.version" value="52.0"/>
    <property name="socksNonProxyHosts" value="local|*.local|169.254/16|*.169.254/16"/>
  </properties>
  <testcase name="shouldInjectKnightWithSlayDragonQuest" classname="sia.knights.KnightJavaConfigInjectionTest" time="0.004">
    <system-err><![CDATA[SLF4J: Failed to load class "org.slf4j.impl.StaticLoggerBinder".
SLF4J: Defaulting to no-operation (NOP) logger implementation
SLF4J: See http://www.slf4j.org/codes.html#StaticLoggerBinder for further details.
]]></system-err>
  </testcase>
</testsuite>