<?xml version="1.0" encoding="UTF-8"?>
<testsuite xmlns:xsi="http://www.w3.org/2001/XMLSchema-instance" xsi:noNamespaceSchemaLocation="https://maven.apache.org/surefire/maven-surefire-plugin/xsd/surefire-test-report-3.0.xsd" version="3.0" name="sia.knights.KnightXMLInjectionTest" time="0.143" tests="1" errors="0" skipped="0" failures="0">
  <properties>
    <property name="gopherProxySet" value="false"/>
    <property name="awt.toolkit" value="sun.lwawt.macosx.LWCToolkit"/>
    <property name="file.encoding.pkg" value="sun.io"/>
    <property name="java.specification.version" value="1.8"/>
    <property name="sun.cpu.isalist" value=""/>
    <property name="sun.jnu.encoding" value="UTF-8"/>
    <property name="java.class.path" value="/Users/vinodkumarm/Documents/Technologies/Spring/spring-mvc-java-demo/target/test-classes:/Users/vinodkumarm/Documents/Technologies/Spring/spring-mvc-java-demo/target/classes:/Users/vinodkumarm/.m2/repository/org/springframework/spring-context/5.3.20/spring-context-5.3.20.jar:/Users/vinodkumarm/.m2/repository/org/springframework/spring-beans/5.3.20/spring-beans-5.3.20.jar:/Users/vinodkumarm/.m2/repository/org/springframework/spring-core/5.3.20/spring-core-5.3.20.jar:/Users/vinodkumarm/.m2/repository/org/springframework/spring-jcl/5.3.20/spring-jcl-5.3.20.jar:/Users/vinodkumarm/.m2/repository/org/springframework/spring-expression/5.3.20/spring-expression-5.3.20.jar:/Users/vinodkumarm/.m2/repository/org/springframework/spring-aop/5.3.20/spring-aop-5.3.20.jar:/Users/vinodkumarm/.m2/repository/org/springframework/spring-aspects/5.3.20/spring-aspects-5.3.20.jar:/Users/vinodkumarm/.m2/repository/org/springframework/spring-test/5.3.20/spring-test-5.3.20.jar:/Users/vinodkumarm/.m2/repository/org/aspectj/aspectjrt/1.9.22.1/aspectjrt-1.9.22.1.jar:/Users/vinodkumarm/.m2/repository/org/aspectj/aspectjweaver/1.9.22.1/aspectjweaver-1.9.22.1.jar:/Users/vinodkumarm/.m2/repository/javax/annotation/javax.annotation-api/1.3.2/javax.annotation-api-1.3.2.jar:/Users/vinodkumarm/.m2/repository/junit/junit/4.12/junit-4.12.jar:/Users/vinodkumarm/.m2/repository/org/hamcrest/hamcrest-core/1.3/hamcrest-core-1.3.jar:/Users/vinodkumarm/.m2/repository/org/mockito/mockito-all/1.10.19/mockito-all-1.10.19.jar:/Users/vinodkumarm/.m2/repository/org/hamcrest/hamcrest-all/1.3/hamcrest-all-1.3.jar:/Users/vinodkumarm/.m2/repository/com/fasterxml/jackson/core/jackson-databind/2.9.4/jackson-databind-2.9.4.jar:/Users/vinodkumarm/.m2/repository/com/fasterxml/jackson/core/jackson-annotations/2.9.0/jackson-annotations-2.9.0.jar:/Users/vinodkumarm/.m2/repository/com/fasterxml/jackson/core/jackson-core/2.9.4/jackson-core-2.9.4.jar:/Users/vinodkumarm/.m2/repository/joda-time/joda-time/2.3/joda-time-2.3.jar:/Users/vinodkumarm/.m2/repository/org/apache/commons/commons-lang3/3.12.0/commons-lang3-3.12.0.jar:/Users/vinodkumarm/.m2/repository/javax/validation/validation-api/2.0.1.Final/validation-api-2.0.1.Final.jar:"/>
    <property name="java.vm.vendor" value="Oracle Corporation"/>
    <property name="sun.arch.data.model" value="64"/>
    <property name="java.vendor.url" value="http://java.oracle.com/"/>
    <property name="user.timezone" value="Asia/Kolkata"/>
    <property name="java.vm.specification.version" value="1.8"/>
    <property name="os.name" value="Mac OS X"/>
    <property name="user.country" value="IN"/>
    <property name="sun.java.launcher" value="SUN_STANDARD"/>
    <property name="sun.boot.library.path" value="/Library/Java/JavaVirtualMachines/jdk-1.8.jdk/Contents/Home/jre/lib"/>
    <property name="sun.java.command" value="/Users/vinodkumarm/Documents/Technologies/Spring/spring-mvc-java-demo/target/surefire/surefirebooter-20250305183626055_3.jar /Users/vinodkumarm/Documents/Technologies/Spring/spring-mvc-java-demo/target/surefire 2025-03-05T18-36-26_004-jvmRun1 surefire-20250305183626055_1tmp surefire_0-20250305183626055_2tmp"/>
    <property name="http.nonProxyHosts" value="local|*.local|169.254/16|*.169.254/16"/>
    <property name="surefire.test.class.path" value="/Users/vinodkumarm/Documents/Technologies/Spring/spring-mvc-java-demo/target/test-classes:/Users/vinodkumarm/Documents/Technologies/Spring/spring-mvc-java-demo/target/classes:/Users/vinodkumarm/.m2/repository/org/springframework/spring-context/5.3.20/spring-context-5.3.20.jar:/Users/vinodkumarm/.m2/repository/org/springframework/spring-beans/5.3.20/spring-beans-5.3.20.jar:/Users/vinodkumarm/.m2/repository/org/springframework/spring-core/5.3.20/spring-core-5.3.20.jar:/Users/vinodkumarm/.m2/repository/org/springframework/spring-jcl/5.3.20/spring-jcl-5.3.20.jar:/Users/vinodkumarm/.m2/repository/org/springframework/spring-expression/5.3.20/spring-expression-5.3.20.jar:/Users/vinodkumarm/.m2/repository/org/springframework/spring-aop/5.3.20/spring-aop-5.3.20.jar:/Users/vinodkumarm/.m2/repository/org/springframework/spring-aspects/5.3.20/spring-aspects-5.3.20.jar:/Users/vinodkumarm/.m2/repository/org/springframework/spring-test/5.3.20/spring-test-5.3.20.jar:/Users/vinodkumarm/.m2/repository/org/aspectj/aspectjrt/1.9.22.1/aspectjrt-1.9.22.1.jar:/Users/vinodkumarm/.m2/repository/org/aspectj/aspectjweaver/1.9.22.1/aspectjweaver-1.9.22.1.jar:/Users/vinodkumarm/.m2/repository/javax/annotation/javax.annotation-api/1.3.2/javax.annotation-api-1.3.2.jar:/Users/vinodkumarm/.m2/repository/junit/junit/4.12/junit-4.12.jar:/Users/vinodkumarm/.m2/repository/org/hamcrest/hamcrest-core/1.3/hamcrest-core-1.3.jar:/Users/vinodkumarm/.m2/repository/org/mockito/mockito-all/1.10.19/mockito-all-1.10.19.jar:/Users/vinodkumarm/.m2/repository/org/hamcrest/hamcrest-all/1.3/hamcrest-all-1.3.jar:/Users/vinodkumarm/.m2/repository/com/fasterxml/jackson/core/jackson-databind/2.9.4/jackson-databind-2.9.4.jar:/Users/vinodkumarm/.m2/repository/com/fasterxml/jackson/core/jackson-annotations/2.9.0/jackson-annotations-2.9.0.jar:/Users/vinodkumarm/.m2/repository/com/fasterxml/jackson/core/jackson-core/2.9.4/jackson-core-2.9.4.jar:/Users/vinodkumarm/.m2/repository/joda-time/joda-time/2.3/joda-time-2.3.jar:/Users/vinodkumarm/.m2/repository/org/apache/commons/commons-lang3/3.12.0/commons-lang3-3.12.0.jar:/Users/vinodkumarm/.m2/repository/javax/validation/validation-api/2.0.1.Final/validation-api-2.0.1.Final.jar:"/>
    <property name="sun.cpu.endian" value="little"/>
    <property name="user.home" value="/Users/vinodkumarm"/>
    <property name="user.language" value="en"/>
    <property name="java.specification.vendor" value="Oracle Corporation"/>
    <property name="java.home" value="/Library/Java/JavaVirtualMachines/jdk-1.8.jdk/Contents/Home/jre"/>
    <property name="basedir" value="/Users/vinodkumarm/Documents/Technologies/Spring/spring-mvc-java-demo"/>
    <property name="file.separator" value="/"/>
    <property name="line.separator" value="&#10;"/>
    <property name="java.vm.specification.vendor" value="Oracle Corporation"/>
    <property name="java.specification.name" value="Java Platform API Specification"/>
    <property name="java.awt.graphicsenv" value="sun.awt.CGraphicsEnvironment"/>
    <property name="surefire.real.class.path" value="/Users/vinodkumarm/Documents/Technologies/Spring/spring-mvc-java-demo/target/surefire/surefirebooter-20250305183626055_3.jar"/>
    <property name="sun.boot.class.path" value="/Library/Java/JavaVirtualMachines/jdk-1.8.jdk/Contents/Home/jre/lib/resources.jar:/Library/Java/JavaVirtualMachines/jdk-1.8.jdk/Contents/Home/jre/lib/rt.jar:/Library/Java/JavaVirtualMachines/jdk-1.8.jdk/Contents/Home/jre/lib/jsse.jar:/Library/Java/JavaVirtualMachines/jdk-1.8.jdk/Contents/Home/jre/lib/jce.jar:/Library/Java/JavaVirtualMachines/jdk-1.8.jdk/Contents/Home/jre/lib/charsets.jar:/Library/Java/JavaVirtualMachines/jdk-1.8.jdk/Contents/Home/jre/lib/jfr.jar:/Library/Java/JavaVirtualMachines/jdk-1.8.jdk/Contents/Home/jre/classes"/>
    <property name="sun.management.compiler" value="HotSpot 64-Bit Tiered Compilers"/>
    <property name="ftp.nonProxyHosts" value="local|*.local|169.254/16|*.169.254/16"/>
    <property name="java.runtime.version" value="1.8.0_381-b09"/>
    <property name="user.name" value="vinodkumarm"/>
    <property name="path.separator" value=":"/>
    <property name="os.version" value="14.0"/>
    <property name="java.endorsed.dirs" value="/Library/Java/JavaVirtualMachines/jdk-1.8.jdk/Contents/Home/jre/lib/endorsed"/>
    <property name="java.runtime.name" value="Java(TM) SE Runtime Environment"/>
    <property name="file.encoding" value="UTF-8"/>
    <property name="java.vm.name" value="Java HotSpot(TM) 64-Bit Server VM"/>
    <property name="localRepository" value="/Users/vinodkumarm/.m2/repository"/>
    <property name="java.vendor.url.bug" value="http://bugreport.sun.com/bugreport/"/>
    <property name="java.io.tmpdir" value="/var/folders/39/07hq2pkx13j9bnvqfhnf7k0r0000gn/T/"/>
    <property name="java.version" value="1.8.0_381"/>
    <property name="user.dir" value="/Users/vinodkumarm/Documents/Technologies/Spring/spring-mvc-java-demo"/>
    <property name="os.arch" value="aarch64"/>
    <property name="java.vm.specification.name" value="Java Virtual Machine Specification"/>
    <property name="java.awt.printerjob" value="sun.lwawt.macosx.CPrinterJob"/>
    <property name="sun.os.patch.level" value="unknown"/>
    <property name="java.library.path" value="/Users/vinodkumarm/Library/Java/Extensions:/Library/Java/Extensions:/Network/Library/Java/Extensions:/System/Library/Java/Extensions:/usr/lib/java:."/>
    <property name="java.vm.info" value="mixed mode"/>
    <property name="java.vendor" value="Oracle Corporation"/>
    <property name="java.vm.version" value="25.381-b09"/>
    <property name="java.specification.maintenance.version" value="5"/>
    <property name="java.ext.dirs" value="/Users/vinodkumarm/Library/Java/Extensions:/Library/Java/JavaVirtualMachines/jdk-1.8.jdk/Contents/Home/jre/lib/ext:/Library/Java/Extensions:/Network/Library/Java/Extensions:/System/Library/Java/Extensions:/usr/lib/java"/>
    <property name="sun.io.unicode.encoding" value="UnicodeBig"/>
    <property name="java.class.version" value="52.0"/>
    <property name="socksNonProxyHosts" value="local|*.local|169.254/16|*.169.254/16"/>
  </properties>
  <testcase name="shouldInjectKnightWithSlayDragonQuest" classname="sia.knights.KnightXMLInjectionTest" time="0.002">
    <system-err><![CDATA[Mar 05, 2025 6:36:26 PM org.springframework.test.context.support.AbstractContextLoader generateDefaultLocations
INFO: Detected default resource location "classpath:sia/knights/KnightXMLInjectionTest-context.xml" for test class [sia.knights.KnightXMLInjectionTest]
Mar 05, 2025 6:36:26 PM org.springframework.test.context.support.AbstractDelegatingSmartContextLoader processContextConfiguration
INFO: GenericXmlContextLoader detected default locations for context configuration [ContextConfigurationAttributes@d86a6f declaringClass = 'sia.knights.KnightXMLInjectionTest', classes = '{}', locations = '{classpath:sia/knights/KnightXMLInjectionTest-context.xml}', inheritLocations = true, initializers = '{}', inheritInitializers = true, name = [null], contextLoaderClass = 'org.springframework.test.context.ContextLoader'].
Mar 05, 2025 6:36:26 PM org.springframework.test.context.support.AnnotationConfigContextLoaderUtils detectDefaultConfigurationClasses
INFO: Could not detect default configuration classes for test class [sia.knights.KnightXMLInjectionTest]: KnightXMLInjectionTest does not declare any static, non-private, non-final, nested classes annotated with @Configuration.
Mar 05, 2025 6:36:26 PM org.springframework.test.context.support.AbstractTestContextBootstrapper getDefaultTestExecutionListenerClassNames
INFO: Loaded default TestExecutionListener class names from location [META-INF/spring.factories]: [org.springframework.test.context.web.ServletTestExecutionListener, org.springframework.test.context.support.DirtiesContextBeforeModesTestExecutionListener, org.springframework.test.context.event.ApplicationEventsTestExecutionListener, org.springframework.test.context.support.DependencyInjectionTestExecutionListener, org.springframework.test.context.support.DirtiesContextTestExecutionListener, org.springframework.test.context.transaction.TransactionalTestExecutionListener, org.springframework.test.context.jdbc.SqlScriptsTestExecutionListener, org.springframework.test.context.event.EventPublishingTestExecutionListener]
Mar 05, 2025 6:36:26 PM org.springframework.test.context.support.AbstractTestContextBootstrapper getTestExecutionListeners
INFO: Using TestExecutionListeners: [org.springframework.test.context.support.DirtiesContextBeforeModesTestExecutionListener@3e27aa33, org.springframework.test.context.event.ApplicationEventsTestExecutionListener@2e385cce, org.springframework.test.context.support.DependencyInjectionTestExecutionListener@2ddc9a9f, org.springframework.test.context.support.DirtiesContextTestExecutionListener@298a5e20, org.springframework.test.context.event.EventPublishingTestExecutionListener@2a7f1f10]
]]></system-err>
  </testcase>
</testsuite>